<?xml version="1.0" encoding="UTF-8"?>
<testsuite xmlns:xsi="http://www.w3.org/2001/XMLSchema-instance" xsi:noNamespaceSchemaLocation="https://maven.apache.org/surefire/maven-surefire-plugin/xsd/surefire-test-report.xsd" name="TestSuite" time="141.325" tests="12" errors="0" skipped="3" failures="1">
  <properties>
    <property name="java.runtime.name" value="Java(TM) SE Runtime Environment"/>
    <property name="sun.boot.library.path" value="C:\Program Files\Java\jdk1.8.0_202\jre\bin"/>
    <property name="java.vm.version" value="25.202-b08"/>
    <property name="java.vm.vendor" value="Oracle Corporation"/>
    <property name="maven.multiModuleProjectDirectory" value="C:\Users\ihakim\git\repository2\OrangeAllureReport"/>
    <property name="java.vendor.url" value="http://java.oracle.com/"/>
    <property name="path.separator" value=";"/>
    <property name="guice.disable.misplaced.annotation.check" value="true"/>
    <property name="java.vm.name" value="Java HotSpot(TM) 64-Bit Server VM"/>
    <property name="file.encoding.pkg" value="sun.io"/>
    <property name="user.script" value=""/>
    <property name="user.country" value="US"/>
    <property name="sun.java.launcher" value="SUN_STANDARD"/>
    <property name="sun.os.patch.level" value=""/>
    <property name="java.vm.specification.name" value="Java Virtual Machine Specification"/>
    <property name="user.dir" value="C:\Users\ihakim\git\repository2\OrangeAllureReport"/>
    <property name="java.runtime.version" value="1.8.0_202-b08"/>
    <property name="java.awt.graphicsenv" value="sun.awt.Win32GraphicsEnvironment"/>
    <property name="java.endorsed.dirs" value="C:\Program Files\Java\jdk1.8.0_202\jre\lib\endorsed"/>
    <property name="os.arch" value="amd64"/>
    <property name="java.io.tmpdir" value="C:\Users\ihakim\AppData\Local\Temp\"/>
    <property name="line.separator" value="&#10;"/>
    <property name="java.vm.specification.vendor" value="Oracle Corporation"/>
    <property name="user.variant" value=""/>
    <property name="os.name" value="Windows 10"/>
    <property name="classworlds.conf" value="D:\Web Automation Using Selenium\apache-maven-3.8.6\bin\m2.conf"/>
    <property name="sun.jnu.encoding" value="Cp1252"/>
    <property name="java.library.path" value="C:\Program Files\Java\jdk1.8.0_202\bin;C:\Windows\Sun\Java\bin;C:\Windows\system32;C:\Windows;C:\Program Files\Common Files\Oracle\Java\javapath;C:\Windows\system32;C:\Windows;C:\Windows\System32\Wbem;C:\Windows\System32\WindowsPowerShell\v1.0\;C:\Windows\System32\OpenSSH\;C:\Program Files (x86)\Microsoft SQL Server\150\DTS\Binn\;C:\Program Files\Azure Data Studio\bin;C:\Program Files\Microsoft SQL Server\Client SDK\ODBC\170\Tools\Binn\;C:\Program Files (x86)\Microsoft SQL Server\150\Tools\Binn\;C:\Program Files\Microsoft SQL Server\150\Tools\Binn\;C:\Program Files\Microsoft SQL Server\150\DTS\Binn\;C:\Program Files\Java\jdk1.8.0_202\bin;C:\Users\ihakim\AppData\Local\Android\Sdk\platform-tools;C:\Program Files\nodejs\;C:\Program Files\nodejs\node_modules\npm\bin;C:\Users\ihakim\AppData\Local\Android\Sdk\tools;C:\Users\ihakim\AppData\Local\Android\Sdk\tools\bin;D:\Web Automation Using Selenium\apache-maven-3.8.6\bin;C:\Program Files\Git\cmd;C:\Program Files\apache-maven-3.8.6\bin;C:\Program Files\allure-2.19.0\bin;C:\Users\ihakim\AppData\Local\Microsoft\WindowsApps;C:\Program Files\Azure Data Studio\bin;C:\Users\ihakim\AppData\Roaming\npm;C:\Users\ihakim\AppData\Local\GitHubDesktop\bin;."/>
    <property name="maven.conf" value="D:\Web Automation Using Selenium\apache-maven-3.8.6/conf"/>
    <property name="java.specification.name" value="Java Platform API Specification"/>
    <property name="java.class.version" value="52.0"/>
    <property name="sun.management.compiler" value="HotSpot 64-Bit Tiered Compilers"/>
    <property name="os.version" value="10.0"/>
    <property name="library.jansi.path" value="D:\Web Automation Using Selenium\apache-maven-3.8.6\lib\jansi-native"/>
    <property name="user.home" value="C:\Users\ihakim"/>
    <property name="user.timezone" value="Africa/Cairo"/>
    <property name="java.awt.printerjob" value="sun.awt.windows.WPrinterJob"/>
    <property name="java.specification.version" value="1.8"/>
    <property name="file.encoding" value="Cp1252"/>
    <property name="user.name" value="ihakim"/>
    <property name="java.class.path" value="D:\Web Automation Using Selenium\apache-maven-3.8.6\boot\plexus-classworlds-2.6.0.jar"/>
    <property name="java.vm.specification.version" value="1.8"/>
    <property name="sun.arch.data.model" value="64"/>
    <property name="java.home" value="C:\Program Files\Java\jdk1.8.0_202\jre"/>
    <property name="sun.java.command" value="org.codehaus.plexus.classworlds.launcher.Launcher clean test"/>
    <property name="java.specification.vendor" value="Oracle Corporation"/>
    <property name="user.language" value="en"/>
    <property name="awt.toolkit" value="sun.awt.windows.WToolkit"/>
    <property name="java.vm.info" value="mixed mode"/>
    <property name="java.version" value="1.8.0_202"/>
    <property name="java.ext.dirs" value="C:\Program Files\Java\jdk1.8.0_202\jre\lib\ext;C:\Windows\Sun\Java\lib\ext"/>
    <property name="sun.boot.class.path" value="C:\Program Files\Java\jdk1.8.0_202\jre\lib\resources.jar;C:\Program Files\Java\jdk1.8.0_202\jre\lib\rt.jar;C:\Program Files\Java\jdk1.8.0_202\jre\lib\sunrsasign.jar;C:\Program Files\Java\jdk1.8.0_202\jre\lib\jsse.jar;C:\Program Files\Java\jdk1.8.0_202\jre\lib\jce.jar;C:\Program Files\Java\jdk1.8.0_202\jre\lib\charsets.jar;C:\Program Files\Java\jdk1.8.0_202\jre\lib\jfr.jar;C:\Program Files\Java\jdk1.8.0_202\jre\classes"/>
    <property name="sun.stderr.encoding" value="cp437"/>
    <property name="java.vendor" value="Oracle Corporation"/>
    <property name="maven.home" value="D:\Web Automation Using Selenium\apache-maven-3.8.6"/>
    <property name="file.separator" value="\"/>
    <property name="java.vendor.url.bug" value="http://bugreport.sun.com/bugreport/"/>
    <property name="sun.cpu.endian" value="little"/>
    <property name="sun.io.unicode.encoding" value="UnicodeLittle"/>
    <property name="sun.stdout.encoding" value="cp437"/>
    <property name="sun.desktop" value="windows"/>
    <property name="sun.cpu.isalist" value="amd64"/>
  </properties>
  <testcase name="PerformValidLoginTest" classname="com.OrangeHRM.testcases.LoginPageTest" time="6.215"/>
  <testcase name="CheckLoginwithInvalidPasswordOrmail" classname="com.OrangeHRM.testcases.LoginPageTest" time="3.626"/>
  <testcase name="CheckLoginwithInvalidPasswordOrmail" classname="com.OrangeHRM.testcases.LoginPageTest" time="2.699"/>
  <testcase name="CheckLoginwithInvalidPasswordOrmail" classname="com.OrangeHRM.testcases.LoginPageTest" time="1.627"/>
  <testcase name="CheckLoginwithInvalidPasswordOrmail" classname="com.OrangeHRM.testcases.LoginPageTest" time="1.12"/>
  <testcase name="testLogo" classname="com.OrangeHRM.testcases.LoginPageTest" time="0">
    <skipped message="Logo is not Found expected [false] but found [true]"/>
    <system-out><![CDATA[Before NavigatingTo:https://opensource-demo.orangehrmlive.com/
Navigated To:https://opensource-demo.orangehrmlive.com/
I am in onTestStart method testLogostart
Trying To Find Element By : By.xpath: //img[@src='/web/images/ohrm_branding.png?1660914792648']
Found Element By : By.xpath: //img[@src='/web/images/ohrm_branding.png?1660914792648']
Trying To Find Element By : By.xpath: //img[@src='/web/images/ohrm_branding.png?1660914792648']
Found Element By : By.xpath: //img[@src='/web/images/ohrm_branding.png?1660914792648']
I am in onTestSkipped method testLogoSkipped
]]></system-out>
    <system-err><![CDATA[Starting ChromeDriver 105.0.5195.52 (412c95e518836d8a7d97250d62b29c2ae6a26a85-refs/branch-heads/5195@{#853}) on port 37619
Only local connections are allowed.
Please see https://chromedriver.chromium.org/security-considerations for suggestions on keeping ChromeDriver safe.
ChromeDriver was started successfully.
Sep 13, 2022 9:42:00 AM org.openqa.selenium.remote.ProtocolHandshake createSession
INFO: Detected dialect: W3C
]]></system-err>
  </testcase>
  <testcase name="testLogo" classname="com.OrangeHRM.testcases.LoginPageTest" time="0">
    <skipped message="Logo is not Found expected [false] but found [true]"/>
    <system-out><![CDATA[Before NavigatingTo:https://opensource-demo.orangehrmlive.com/
Navigated To:https://opensource-demo.orangehrmlive.com/
I am in onTestStart method testLogostart
Trying To Find Element By : By.xpath: //img[@src='/web/images/ohrm_branding.png?1660914792648']
Found Element By : By.xpath: //img[@src='/web/images/ohrm_branding.png?1660914792648']
Trying To Find Element By : By.xpath: //img[@src='/web/images/ohrm_branding.png?1660914792648']
Found Element By : By.xpath: //img[@src='/web/images/ohrm_branding.png?1660914792648']
I am in onTestSkipped method testLogoSkipped
]]></system-out>
    <system-err><![CDATA[Starting ChromeDriver 105.0.5195.52 (412c95e518836d8a7d97250d62b29c2ae6a26a85-refs/branch-heads/5195@{#853}) on port 47087
Only local connections are allowed.
Please see https://chromedriver.chromium.org/security-considerations for suggestions on keeping ChromeDriver safe.
ChromeDriver was started successfully.
Sep 13, 2022 9:42:05 AM org.openqa.selenium.remote.ProtocolHandshake createSession
INFO: Detected dialect: W3C
]]></system-err>
  </testcase>
  <testcase name="testLogo" classname="com.OrangeHRM.testcases.LoginPageTest" time="0">
    <skipped message="Logo is not Found expected [false] but found [true]"/>
    <system-out><![CDATA[Before NavigatingTo:https://opensource-demo.orangehrmlive.com/
Navigated To:https://opensource-demo.orangehrmlive.com/
I am in onTestStart method testLogostart
Trying To Find Element By : By.xpath: //img[@src='/web/images/ohrm_branding.png?1660914792648']
Found Element By : By.xpath: //img[@src='/web/images/ohrm_branding.png?1660914792648']
Trying To Find Element By : By.xpath: //img[@src='/web/images/ohrm_branding.png?1660914792648']
Found Element By : By.xpath: //img[@src='/web/images/ohrm_branding.png?1660914792648']
I am in onTestSkipped method testLogoSkipped
]]></system-out>
    <system-err><![CDATA[Starting ChromeDriver 105.0.5195.52 (412c95e518836d8a7d97250d62b29c2ae6a26a85-refs/branch-heads/5195@{#853}) on port 35935
Only local connections are allowed.
Please see https://chromedriver.chromium.org/security-considerations for suggestions on keeping ChromeDriver safe.
ChromeDriver was started successfully.
Sep 13, 2022 9:42:15 AM org.openqa.selenium.remote.ProtocolHandshake createSession
INFO: Detected dialect: W3C
]]></system-err>
  </testcase>
  <testcase name="testLogo" classname="com.OrangeHRM.testcases.LoginPageTest" time="0.515">
    <failure message="Logo is not Found expected [false] but found [true]" type="java.lang.AssertionError">java.lang.AssertionError: Logo is not Found expected [false] but found [true]
	at com.OrangeHRM.testcases.LoginPageTest.testLogo(LoginPageTest.java:126)
</failure>
    <system-out><![CDATA[Before NavigatingTo:https://opensource-demo.orangehrmlive.com/
Navigated To:https://opensource-demo.orangehrmlive.com/
I am in onTestStart method testLogostart
Trying To Find Element By : By.xpath: //img[@src='/web/images/ohrm_branding.png?1660914792648']
Found Element By : By.xpath: //img[@src='/web/images/ohrm_branding.png?1660914792648']
Trying To Find Element By : By.xpath: //img[@src='/web/images/ohrm_branding.png?1660914792648']
Found Element By : By.xpath: //img[@src='/web/images/ohrm_branding.png?1660914792648']
Iam onTestFailure method testLogofailed
Screenshot captured for test case: testLogo
]]></system-out>
    <system-err><![CDATA[Starting ChromeDriver 105.0.5195.52 (412c95e518836d8a7d97250d62b29c2ae6a26a85-refs/branch-heads/5195@{#853}) on port 36795
Only local connections are allowed.
Please see https://chromedriver.chromium.org/security-considerations for suggestions on keeping ChromeDriver safe.
ChromeDriver was started successfully.
Sep 13, 2022 9:42:30 AM org.openqa.selenium.remote.ProtocolHandshake createSession
INFO: Detected dialect: W3C
]]></system-err>
  </testcase>
  <testcase name="testTitle" classname="com.OrangeHRM.testcases.LoginPageTest" time="0.006"/>
  <testcase name="testURL" classname="com.OrangeHRM.testcases.LoginPageTest" time="0.007"/>
  <testcase name="checkForgotPasswordFunctionality" classname="com.OrangeHRM.testcases.ResetPasswordTest" time="1.535"/>
</testsuite>