<?xml version="1.0" encoding="UTF-8"?>
<!-- Generated by org.testng.reporters.JUnitReportReporter -->
<testsuite skipped="0" hostname="LPCAIQ0804" name="com.OrangeHRM.testcases.ResetPasswordTest" tests="1" failures="0" timestamp="2022-09-13T09:42:52 EET" time="6.566" errors="0">
  <testcase name="checkForgotPasswordFunctionality" time="6.566" classname="com.OrangeHRM.testcases.ResetPasswordTest"/>
  <system-out/>
</testsuite> <!-- com.OrangeHRM.testcases.ResetPasswordTest -->
