<?xml version="1.0" encoding="UTF-8"?>
<!-- Generated by org.testng.reporters.JUnitReportReporter -->
<testsuite skipped="3" hostname="LPCAIQ0804" name="com.OrangeHRM.testcases.LoginPageTest" tests="11" failures="1" timestamp="2022-09-13T09:42:52 EET" time="132.444" errors="0">
  <testcase name="PerformValidLoginTest" time="11.205" classname="com.OrangeHRM.testcases.LoginPageTest"/>
  <system-out/>
  <testcase name="CheckLoginwithInvalidPasswordOrmail" time="16.188" classname="com.OrangeHRM.testcases.LoginPageTest"/>
  <system-out/>
  <testcase name="CheckLoginwithInvalidPasswordOrmail" time="6.062" classname="com.OrangeHRM.testcases.LoginPageTest"/>
  <system-out/>
  <testcase name="CheckLoginwithInvalidPasswordOrmail" time="17.346" classname="com.OrangeHRM.testcases.LoginPageTest"/>
  <system-out/>
  <testcase name="CheckLoginwithInvalidPasswordOrmail" time="11.168" classname="com.OrangeHRM.testcases.LoginPageTest"/>
  <system-out/>
  <testcase name="testLogo" time="21.634" classname="com.OrangeHRM.testcases.LoginPageTest">
    <skipped/>
  </testcase> <!-- testLogo -->
  <system-out/>
  <testcase name="testLogo" time="5.327" classname="com.OrangeHRM.testcases.LoginPageTest">
    <failure type="java.lang.AssertionError" message="Logo is not Found expected [false] but found [true]">
      <![CDATA[java.lang.AssertionError: Logo is not Found expected [false] but found [true]
at org.testng.Assert.fail(Assert.java:99)
at org.testng.Assert.failNotEquals(Assert.java:1037)
at org.testng.Assert.assertEqualsImpl(Assert.java:140)
at org.testng.Assert.assertEquals(Assert.java:122)
at org.testng.Assert.assertEquals(Assert.java:819)
at com.OrangeHRM.testcases.LoginPageTest.testLogo(LoginPageTest.java:126)
at sun.reflect.NativeMethodAccessorImpl.invoke0(Native Method)
at sun.reflect.NativeMethodAccessorImpl.invoke(NativeMethodAccessorImpl.java:62)
at sun.reflect.DelegatingMethodAccessorImpl.invoke(DelegatingMethodAccessorImpl.java:43)
at java.lang.reflect.Method.invoke(Method.java:498)
at org.testng.internal.MethodInvocationHelper.invokeMethod(MethodInvocationHelper.java:132)
at org.testng.internal.TestInvoker.invokeMethod(TestInvoker.java:599)
at org.testng.internal.TestInvoker.retryFailed(TestInvoker.java:214)
at org.testng.internal.MethodRunner.runInSequence(MethodRunner.java:58)
at org.testng.internal.TestInvoker$MethodInvocationAgent.invoke(TestInvoker.java:822)
at org.testng.internal.TestInvoker.invokeTestMethods(TestInvoker.java:147)
at org.testng.internal.TestMethodWorker.invokeTestMethods(TestMethodWorker.java:146)
at org.testng.internal.TestMethodWorker.run(TestMethodWorker.java:128)
at java.util.ArrayList.forEach(ArrayList.java:1257)
at org.testng.TestRunner.privateRun(TestRunner.java:764)
at org.testng.TestRunner.run(TestRunner.java:585)
at org.testng.SuiteRunner.runTest(SuiteRunner.java:384)
at org.testng.SuiteRunner.runSequentially(SuiteRunner.java:378)
at org.testng.SuiteRunner.privateRun(SuiteRunner.java:337)
at org.testng.SuiteRunner.run(SuiteRunner.java:286)
at org.testng.SuiteRunnerWorker.runSuite(SuiteRunnerWorker.java:53)
at org.testng.SuiteRunnerWorker.run(SuiteRunnerWorker.java:96)
at org.testng.TestNG.runSuitesSequentially(TestNG.java:1218)
at org.testng.TestNG.runSuitesLocally(TestNG.java:1140)
at org.testng.TestNG.runSuites(TestNG.java:1069)
at org.testng.TestNG.run(TestNG.java:1037)
at org.apache.maven.surefire.testng.TestNGExecutor.run(TestNGExecutor.java:283)
at org.apache.maven.surefire.testng.TestNGXmlTestSuite.execute(TestNGXmlTestSuite.java:75)
at org.apache.maven.surefire.testng.TestNGProvider.invoke(TestNGProvider.java:120)
at org.apache.maven.surefire.booter.ForkedBooter.invokeProviderInSameClassLoader(ForkedBooter.java:386)
at org.apache.maven.surefire.booter.ForkedBooter.runSuitesInProcess(ForkedBooter.java:323)
at org.apache.maven.surefire.booter.ForkedBooter.main(ForkedBooter.java:143)
]]>
    </failure>
  </testcase> <!-- testLogo -->
  <system-out/>
  <testcase name="testLogo" time="11.624" classname="com.OrangeHRM.testcases.LoginPageTest">
    <skipped/>
  </testcase> <!-- testLogo -->
  <system-out/>
  <testcase name="testLogo" time="5.446" classname="com.OrangeHRM.testcases.LoginPageTest">
    <skipped/>
  </testcase> <!-- testLogo -->
  <system-out/>
  <testcase name="testURL" time="18.162" classname="com.OrangeHRM.testcases.LoginPageTest"/>
  <system-out/>
  <testcase name="testTitle" time="8.282" classname="com.OrangeHRM.testcases.LoginPageTest"/>
  <system-out/>
</testsuite> <!-- com.OrangeHRM.testcases.LoginPageTest -->
